TN:
SF:Table.js
FN:6,(anonymous_0)
FN:10,(anonymous_1)
FN:14,(anonymous_2)
FN:15,(anonymous_3)
FN:16,(anonymous_4)
FN:23,(anonymous_5)
FN:28,(anonymous_6)
FN:30,(anonymous_7)
FN:37,(anonymous_8)
FN:38,(anonymous_9)
FN:47,(anonymous_10)
FN:48,(anonymous_11)
FN:49,(anonymous_12)
FNF:13
FNH:13
FNDA:8,(anonymous_0)
FNDA:10,(anonymous_1)
FNDA:2,(anonymous_2)
FNDA:2,(anonymous_3)
FNDA:2,(anonymous_4)
FNDA:3,(anonymous_5)
FNDA:3,(anonymous_6)
FNDA:1,(anonymous_7)
FNDA:3,(anonymous_8)
FNDA:3,(anonymous_9)
FNDA:5,(anonymous_10)
FNDA:5,(anonymous_11)
FNDA:5,(anonymous_12)
DA:1,3
DA:2,3
DA:3,3
DA:5,3
DA:7,8
DA:11,10
DA:15,2
DA:16,2
DA:17,2
DA:18,2
DA:24,3
DA:28,3
DA:29,3
DA:31,1
DA:32,1
DA:34,0
DA:38,3
DA:39,3
DA:41,3
DA:48,5
DA:49,5
DA:50,5
DA:52,3
LF:23
LH:22
BRDA:17,0,0,0
BRDA:17,0,1,2
BRDA:31,1,0,1
BRDA:31,1,1,0
BRDA:39,2,0,0
BRDA:39,2,1,3
BRDA:50,3,0,2
BRDA:50,3,1,3
BRF:8
BRH:5
end_of_record
TN:
SF:commands\InsertCommand.js
FN:4,(anonymous_0)
FN:9,(anonymous_1)
FNF:2
FNH:2
FNDA:2,(anonymous_0)
FNDA:1,(anonymous_1)
DA:1,2
DA:3,2
DA:5,2
DA:6,2
DA:10,1
LF:5
LH:5
BRF:0
BRH:0
end_of_record
TN:
SF:errors\TableDoesNotExistError.js
FN:2,(anonymous_0)
FNF:1
FNH:1
FNDA:2,(anonymous_0)
DA:1,3
DA:3,2
DA:5,2
LF:3
LH:3
BRF:0
BRH:0
end_of_record
TN:
SF:parsers\insert.js
FN:11,parseInsertCommand
FNF:1
FNH:1
FNDA:5,parseInsertCommand
DA:1,1
DA:2,1
DA:6,1
DA:7,1
DA:8,1
DA:12,5
DA:13,5
DA:15,2
DA:16,2
DA:18,1
DA:20,1
DA:26,1
LF:12
LH:12
BRDA:13,0,0,3
BRDA:13,0,1,2
BRDA:16,1,0,1
BRDA:16,1,1,1
BRF:4
BRH:4
end_of_record
TN:
SF:utils\safeParseJSON.js
FN:1,safeParseJSON
FNF:1
FNH:1
FNDA:2,safeParseJSON
DA:1,1
DA:2,2
DA:3,2
DA:5,1
LF:4
LH:4
BRF:0
BRH:0
end_of_record
